2025-05-24T03:28:22.823+06:00  INFO 5060 --- [PatientRegistration] [SpringApplicationShutdownHook] o.s.b.w.e.tomcat.GracefulShutdown        : Commencing graceful shutdown. Waiting for active requests to complete
2025-05-24T03:28:22.886+06:00  INFO 5060 --- [PatientRegistration] [tomcat-shutdown] o.s.b.w.e.tomcat.GracefulShutdown        : Graceful shutdown complete
2025-05-24T03:28:22.897+06:00  INFO 5060 --- [PatientRegistration] [SpringApplicationShutdownHook] j.LocalContainerEntityManagerFactoryBean : Closing JPA EntityManagerFactory for persistence unit 'default'
2025-05-24T03:28:22.914+06:00  INFO 5060 --- [PatientRegistration] [SpringApplicationShutdownHook] com.zaxxer.hikari.HikariDataSource       : HikariPool-1 - Shutdown initiated...
2025-05-24T03:28:22.937+06:00  INFO 5060 --- [PatientRegistration] [SpringApplicationShutdownHook] com.zaxxer.hikari.HikariDataSource       : HikariPool-1 - Shutdown completed.
2025-05-24T08:50:36.966+06:00  INFO 6676 --- [PatientRegistration] [restartedMain] c.i.P.PatientRegistrationApplication     : Starting PatientRegistrationApplication using Java 24.0.1 with PID 6676 (C:\Users\Ai\Desktop\PatientRegistration\target\classes started by Ai in C:\Users\Ai\Desktop\PatientRegistration)
2025-05-24T08:50:36.971+06:00 DEBUG 6676 --- [PatientRegistration] [restartedMain] c.i.P.PatientRegistrationApplication     : Running with Spring Boot v3.4.6, Spring v6.2.7
2025-05-24T08:50:36.973+06:00  INFO 6676 --- [PatientRegistration] [restartedMain] c.i.P.PatientRegistrationApplication     : No active profile set, falling back to 1 default profile: "default"
2025-05-24T08:50:37.163+06:00  INFO 6676 --- [PatientRegistration] [restartedMain] .e.DevToolsPropertyDefaultsPostProcessor : Devtools property defaults active! Set 'spring.devtools.add-properties' to 'false' to disable
2025-05-24T08:50:37.163+06:00  INFO 6676 --- [PatientRegistration] [restartedMain] .e.DevToolsPropertyDefaultsPostProcessor : For additional web related logging consider setting the 'logging.level.web' property to 'DEBUG'
2025-05-24T08:50:39.077+06:00  INFO 6676 --- [PatientRegistration] [restartedMain] .s.d.r.c.RepositoryConfigurationDelegate : Bootstrapping Spring Data JPA repositories in DEFAULT mode.
2025-05-24T08:50:39.247+06:00  INFO 6676 --- [PatientRegistration] [restartedMain] .s.d.r.c.RepositoryConfigurationDelegate : Finished Spring Data repository scanning in 142 ms. Found 1 JPA repository interface.
2025-05-24T08:50:40.792+06:00  INFO 6676 --- [PatientRegistration] [restartedMain] o.s.b.w.embedded.tomcat.TomcatWebServer  : Tomcat initialized with port 8080 (http)
2025-05-24T08:50:40.834+06:00  INFO 6676 --- [PatientRegistration] [restartedMain] o.apache.catalina.core.StandardService   : Starting service [Tomcat]
2025-05-24T08:50:40.835+06:00  INFO 6676 --- [PatientRegistration] [restartedMain] o.apache.catalina.core.StandardEngine    : Starting Servlet engine: [Apache Tomcat/10.1.41]
2025-05-24T08:50:40.957+06:00  INFO 6676 --- [PatientRegistration] [restartedMain] o.a.c.c.C.[Tomcat].[localhost].[/]       : Initializing Spring embedded WebApplicationContext
2025-05-24T08:50:40.958+06:00  INFO 6676 --- [PatientRegistration] [restartedMain] w.s.c.ServletWebServerApplicationContext : Root WebApplicationContext: initialization completed in 3794 ms
2025-05-24T08:50:41.396+06:00  INFO 6676 --- [PatientRegistration] [restartedMain] o.hibernate.jpa.internal.util.LogHelper  : HHH000204: Processing PersistenceUnitInfo [name: default]
2025-05-24T08:50:41.570+06:00  INFO 6676 --- [PatientRegistration] [restartedMain] org.hibernate.Version                    : HHH000412: Hibernate ORM core version 6.6.15.Final
2025-05-24T08:50:41.687+06:00  INFO 6676 --- [PatientRegistration] [restartedMain] o.h.c.internal.RegionFactoryInitiator    : HHH000026: Second-level cache disabled
2025-05-24T08:50:42.528+06:00  INFO 6676 --- [PatientRegistration] [restartedMain] o.s.o.j.p.SpringPersistenceUnitInfo      : No LoadTimeWeaver setup: ignoring JPA class transformer
2025-05-24T08:50:42.611+06:00  INFO 6676 --- [PatientRegistration] [restartedMain] com.zaxxer.hikari.HikariDataSource       : HikariPool-1 - Starting...
2025-05-24T08:50:43.593+06:00  INFO 6676 --- [PatientRegistration] [restartedMain] com.zaxxer.hikari.pool.HikariPool        : HikariPool-1 - Added connection com.mysql.cj.jdbc.ConnectionImpl@13c2adc3
2025-05-24T08:50:43.598+06:00  INFO 6676 --- [PatientRegistration] [restartedMain] com.zaxxer.hikari.HikariDataSource       : HikariPool-1 - Start completed.
2025-05-24T08:50:43.850+06:00  INFO 6676 --- [PatientRegistration] [restartedMain] org.hibernate.orm.connections.pooling    : HHH10001005: Database info:
	Database JDBC URL [Connecting through datasource 'HikariDataSource (HikariPool-1)']
	Database driver: undefined/unknown
	Database version: 8.0.42
	Autocommit mode: undefined/unknown
	Isolation level: undefined/unknown
	Minimum pool size: undefined/unknown
	Maximum pool size: undefined/unknown
2025-05-24T08:50:45.711+06:00  INFO 6676 --- [PatientRegistration] [restartedMain] o.h.e.t.j.p.i.JtaPlatformInitiator       : HHH000489: No JTA platform available (set 'hibernate.transaction.jta.platform' to enable JTA platform integration)
2025-05-24T08:50:45.830+06:00  INFO 6676 --- [PatientRegistration] [restartedMain] j.LocalContainerEntityManagerFactoryBean : Initialized JPA EntityManagerFactory for persistence unit 'default'
2025-05-24T08:50:46.658+06:00  WARN 6676 --- [PatientRegistration] [restartedMain] JpaBaseConfiguration$JpaWebConfiguration : spring.jpa.open-in-view is enabled by default. Therefore, database queries may be performed during view rendering. Explicitly configure spring.jpa.open-in-view to disable this warning
2025-05-24T08:50:48.324+06:00  INFO 6676 --- [PatientRegistration] [restartedMain] o.s.b.d.a.OptionalLiveReloadServer       : LiveReload server is running on port 35729
2025-05-24T08:50:48.391+06:00  INFO 6676 --- [PatientRegistration] [restartedMain] o.s.b.w.embedded.tomcat.TomcatWebServer  : Tomcat started on port 8080 (http) with context path '/'
2025-05-24T08:50:48.424+06:00  INFO 6676 --- [PatientRegistration] [restartedMain] c.i.P.PatientRegistrationApplication     : Started PatientRegistrationApplication in 12.781 seconds (process running for 14.268)
2025-05-24T08:54:28.857+06:00  INFO 6676 --- [PatientRegistration] [http-nio-8080-exec-3] o.a.c.c.C.[Tomcat].[localhost].[/]       : Initializing Spring DispatcherServlet 'dispatcherServlet'
2025-05-24T08:54:28.858+06:00  INFO 6676 --- [PatientRegistration] [http-nio-8080-exec-3] o.s.web.servlet.DispatcherServlet        : Initializing Servlet 'dispatcherServlet'
2025-05-24T08:54:28.861+06:00  INFO 6676 --- [PatientRegistration] [http-nio-8080-exec-3] o.s.web.servlet.DispatcherServlet        : Completed initialization in 1 ms
2025-05-24T10:53:07.170+06:00  INFO 6676 --- [PatientRegistration] [SpringApplicationShutdownHook] o.s.b.w.e.tomcat.GracefulShutdown        : Commencing graceful shutdown. Waiting for active requests to complete
2025-05-24T10:53:07.180+06:00  INFO 6676 --- [PatientRegistration] [tomcat-shutdown] o.s.b.w.e.tomcat.GracefulShutdown        : Graceful shutdown complete
2025-05-24T10:53:07.192+06:00  INFO 6676 --- [PatientRegistration] [SpringApplicationShutdownHook] j.LocalContainerEntityManagerFactoryBean : Closing JPA EntityManagerFactory for persistence unit 'default'
2025-05-24T10:53:07.203+06:00  INFO 6676 --- [PatientRegistration] [SpringApplicationShutdownHook] com.zaxxer.hikari.HikariDataSource       : HikariPool-1 - Shutdown initiated...
2025-05-24T10:53:07.216+06:00  INFO 6676 --- [PatientRegistration] [SpringApplicationShutdownHook] com.zaxxer.hikari.HikariDataSource       : HikariPool-1 - Shutdown completed.
2025-05-24T10:53:17.787+06:00  INFO 5288 --- [PatientRegistration] [restartedMain] c.i.P.PatientRegistrationApplication     : Starting PatientRegistrationApplication using Java 24.0.1 with PID 5288 (C:\Users\Ai\Desktop\PatientRegistration\target\classes started by Ai in C:\Users\Ai\Desktop\PatientRegistration)
2025-05-24T10:53:17.792+06:00 DEBUG 5288 --- [PatientRegistration] [restartedMain] c.i.P.PatientRegistrationApplication     : Running with Spring Boot v3.4.6, Spring v6.2.7
2025-05-24T10:53:17.794+06:00  INFO 5288 --- [PatientRegistration] [restartedMain] c.i.P.PatientRegistrationApplication     : No active profile set, falling back to 1 default profile: "default"
2025-05-24T10:53:18.095+06:00  INFO 5288 --- [PatientRegistration] [restartedMain] .e.DevToolsPropertyDefaultsPostProcessor : Devtools property defaults active! Set 'spring.devtools.add-properties' to 'false' to disable
2025-05-24T10:53:18.096+06:00  INFO 5288 --- [PatientRegistration] [restartedMain] .e.DevToolsPropertyDefaultsPostProcessor : For additional web related logging consider setting the 'logging.level.web' property to 'DEBUG'
2025-05-24T10:53:20.444+06:00  INFO 5288 --- [PatientRegistration] [restartedMain] .s.d.r.c.RepositoryConfigurationDelegate : Bootstrapping Spring Data JPA repositories in DEFAULT mode.
2025-05-24T10:53:20.610+06:00  INFO 5288 --- [PatientRegistration] [restartedMain] .s.d.r.c.RepositoryConfigurationDelegate : Finished Spring Data repository scanning in 140 ms. Found 1 JPA repository interface.
2025-05-24T10:53:22.196+06:00  INFO 5288 --- [PatientRegistration] [restartedMain] o.s.b.w.embedded.tomcat.TomcatWebServer  : Tomcat initialized with port 8080 (http)
2025-05-24T10:53:22.233+06:00  INFO 5288 --- [PatientRegistration] [restartedMain] o.apache.catalina.core.StandardService   : Starting service [Tomcat]
2025-05-24T10:53:22.233+06:00  INFO 5288 --- [PatientRegistration] [restartedMain] o.apache.catalina.core.StandardEngine    : Starting Servlet engine: [Apache Tomcat/10.1.41]
2025-05-24T10:53:22.336+06:00  INFO 5288 --- [PatientRegistration] [restartedMain] o.a.c.c.C.[Tomcat].[localhost].[/]       : Initializing Spring embedded WebApplicationContext
2025-05-24T10:53:22.337+06:00  INFO 5288 --- [PatientRegistration] [restartedMain] w.s.c.ServletWebServerApplicationContext : Root WebApplicationContext: initialization completed in 4240 ms
2025-05-24T10:53:22.733+06:00  INFO 5288 --- [PatientRegistration] [restartedMain] o.hibernate.jpa.internal.util.LogHelper  : HHH000204: Processing PersistenceUnitInfo [name: default]
2025-05-24T10:53:22.885+06:00  INFO 5288 --- [PatientRegistration] [restartedMain] org.hibernate.Version                    : HHH000412: Hibernate ORM core version 6.6.15.Final
2025-05-24T10:53:22.982+06:00  INFO 5288 --- [PatientRegistration] [restartedMain] o.h.c.internal.RegionFactoryInitiator    : HHH000026: Second-level cache disabled
2025-05-24T10:53:23.739+06:00  INFO 5288 --- [PatientRegistration] [restartedMain] o.s.o.j.p.SpringPersistenceUnitInfo      : No LoadTimeWeaver setup: ignoring JPA class transformer
2025-05-24T10:53:23.800+06:00  INFO 5288 --- [PatientRegistration] [restartedMain] com.zaxxer.hikari.HikariDataSource       : HikariPool-1 - Starting...
2025-05-24T10:53:24.605+06:00  INFO 5288 --- [PatientRegistration] [restartedMain] com.zaxxer.hikari.pool.HikariPool        : HikariPool-1 - Added connection com.mysql.cj.jdbc.ConnectionImpl@743843fc
2025-05-24T10:53:24.609+06:00  INFO 5288 --- [PatientRegistration] [restartedMain] com.zaxxer.hikari.HikariDataSource       : HikariPool-1 - Start completed.
2025-05-24T10:53:24.852+06:00  INFO 5288 --- [PatientRegistration] [restartedMain] org.hibernate.orm.connections.pooling    : HHH10001005: Database info:
	Database JDBC URL [Connecting through datasource 'HikariDataSource (HikariPool-1)']
	Database driver: undefined/unknown
	Database version: 8.0.42
	Autocommit mode: undefined/unknown
	Isolation level: undefined/unknown
	Minimum pool size: undefined/unknown
	Maximum pool size: undefined/unknown
2025-05-24T10:53:26.191+06:00  INFO 5288 --- [PatientRegistration] [restartedMain] o.h.e.t.j.p.i.JtaPlatformInitiator       : HHH000489: No JTA platform available (set 'hibernate.transaction.jta.platform' to enable JTA platform integration)
2025-05-24T10:53:26.350+06:00  INFO 5288 --- [PatientRegistration] [restartedMain] j.LocalContainerEntityManagerFactoryBean : Initialized JPA EntityManagerFactory for persistence unit 'default'
2025-05-24T10:53:27.084+06:00  WARN 5288 --- [PatientRegistration] [restartedMain] JpaBaseConfiguration$JpaWebConfiguration : spring.jpa.open-in-view is enabled by default. Therefore, database queries may be performed during view rendering. Explicitly configure spring.jpa.open-in-view to disable this warning
2025-05-24T10:53:27.964+06:00  INFO 5288 --- [PatientRegistration] [restartedMain] o.s.b.d.a.OptionalLiveReloadServer       : LiveReload server is running on port 35729
2025-05-24T10:53:28.023+06:00  INFO 5288 --- [PatientRegistration] [restartedMain] o.s.b.w.embedded.tomcat.TomcatWebServer  : Tomcat started on port 8080 (http) with context path '/'
2025-05-24T10:53:28.041+06:00  INFO 5288 --- [PatientRegistration] [restartedMain] c.i.P.PatientRegistrationApplication     : Started PatientRegistrationApplication in 11.489 seconds (process running for 12.595)
2025-05-24T10:54:43.996+06:00  INFO 5288 --- [PatientRegistration] [http-nio-8080-exec-1] o.a.c.c.C.[Tomcat].[localhost].[/]       : Initializing Spring DispatcherServlet 'dispatcherServlet'
2025-05-24T10:54:43.997+06:00  INFO 5288 --- [PatientRegistration] [http-nio-8080-exec-1] o.s.web.servlet.DispatcherServlet        : Initializing Servlet 'dispatcherServlet'
2025-05-24T10:54:43.998+06:00  INFO 5288 --- [PatientRegistration] [http-nio-8080-exec-1] o.s.web.servlet.DispatcherServlet        : Completed initialization in 1 ms
2025-05-24T11:47:50.235+06:00  INFO 5288 --- [PatientRegistration] [SpringApplicationShutdownHook] o.s.b.w.e.tomcat.GracefulShutdown        : Commencing graceful shutdown. Waiting for active requests to complete
2025-05-24T11:47:50.247+06:00  INFO 5288 --- [PatientRegistration] [tomcat-shutdown] o.s.b.w.e.tomcat.GracefulShutdown        : Graceful shutdown complete
2025-05-24T11:47:50.260+06:00  INFO 5288 --- [PatientRegistration] [SpringApplicationShutdownHook] j.LocalContainerEntityManagerFactoryBean : Closing JPA EntityManagerFactory for persistence unit 'default'
2025-05-24T11:47:50.275+06:00  INFO 5288 --- [PatientRegistration] [SpringApplicationShutdownHook] com.zaxxer.hikari.HikariDataSource       : HikariPool-1 - Shutdown initiated...
2025-05-24T11:47:50.295+06:00  INFO 5288 --- [PatientRegistration] [SpringApplicationShutdownHook] com.zaxxer.hikari.HikariDataSource       : HikariPool-1 - Shutdown completed.
